# JRE version: OpenJDK Runtime Environment Microsoft-7208460 (11.0.18+10) (build 11.0.18+10-LTS)
# Java VM: OpenJDK 64-Bit Server VM Microsoft-7208460 (11.0.18+10-LTS, mixed mode, tiered, compressed oops, g1 gc, windows-amd64)
Heap:
 garbage-first heap   total 649216K, used 281600K [0x0000000080000000, 0x0000000100000000)
  region size 1024K, 2 young (2048K), 2 survivors (2048K)
 Metaspace       used 126286K, capacity 131629K, committed 131920K, reserved 630784K
  class space    used 16324K, capacity 18317K, committed 18432K, reserved 516096K
GC Heap History (20 events):
Event: 592.767 GC heap after
{Heap after GC invocations=118 (full 0):
 garbage-first heap   total 320512K, used 279879K [0x0000000080000000, 0x0000000100000000)
  region size 1024K, 1 young (1024K), 1 survivors (1024K)
 Metaspace       used 124883K, capacity 130257K, committed 130512K, reserved 628736K
  class space    used 16251K, capacity 18255K, committed 18304K, reserved 516096K
}
Event: 596.065 GC heap before
{Heap before GC invocations=118 (full 0):
 garbage-first heap   total 320512K, used 297287K [0x0000000080000000, 0x0000000100000000)
  region size 1024K, 15 young (15360K), 1 survivors (1024K)
 Metaspace       used 124679K, capacity 129969K, committed 130512K, reserved 628736K
  class space    used 16181K, capacity 18130K, committed 18304K, reserved 516096K
}
Event: 596.100 GC heap after
{Heap after GC invocations=119 (full 0):
 garbage-first heap   total 320512K, used 281879K [0x0000000080000000, 0x0000000100000000)
  region size 1024K, 2 young (2048K), 2 survivors (2048K)
 Metaspace       used 124679K, capacity 129969K, committed 130512K, reserved 628736K
  class space    used 16181K, capacity 18130K, committed 18304K, reserved 516096K
}
Event: 596.298 GC heap before
{Heap before GC invocations=119 (full 0):
 garbage-first heap   total 320512K, used 294167K [0x0000000080000000, 0x0000000100000000)
  region size 1024K, 15 young (15360K), 2 survivors (2048K)
 Metaspace       used 124683K, capacity 129970K, committed 130512K, reserved 628736K
  class space    used 16181K, capacity 18130K, committed 18304K, reserved 516096K
}
Event: 596.310 GC heap after
{Heap after GC invocations=120 (full 0):
 garbage-first heap   total 320512K, used 283364K [0x0000000080000000, 0x0000000100000000)
  region size 1024K, 2 young (2048K), 2 survivors (2048K)
 Metaspace       used 124683K, capacity 129970K, committed 130512K, reserved 628736K
  class space    used 16181K, capacity 18130K, committed 18304K, reserved 516096K
}
Event: 596.515 GC heap before
{Heap before GC invocations=120 (full 0):
 garbage-first heap   total 320512K, used 299748K [0x0000000080000000, 0x0000000100000000)
  region size 1024K, 15 young (15360K), 2 survivors (2048K)
 Metaspace       used 124684K, capacity 129970K, committed 130512K, reserved 628736K
  class space    used 16181K, capacity 18130K, committed 18304K, reserved 516096K
}
Event: 596.530 GC heap after
{Heap after GC invocations=121 (full 0):
 garbage-first heap   total 320512K, used 288286K [0x0000000080000000, 0x0000000100000000)
  region size 1024K, 1 young (1024K), 1 survivors (1024K)
 Metaspace       used 124684K, capacity 129970K, committed 130512K, reserved 628736K
  class space    used 16181K, capacity 18130K, committed 18304K, reserved 516096K
}
Event: 596.664 GC heap before
{Heap before GC invocations=121 (full 0):
 garbage-first heap   total 320512K, used 301598K [0x0000000080000000, 0x0000000100000000)
  region size 1024K, 15 young (15360K), 1 survivors (1024K)
 Metaspace       used 124684K, capacity 129970K, committed 130512K, reserved 628736K
  class space    used 16181K, capacity 18130K, committed 18304K, reserved 516096K
}
Event: 596.668 GC heap after
{Heap after GC invocations=122 (full 0):
 garbage-first heap   total 320512K, used 285005K [0x0000000080000000, 0x0000000100000000)
  region size 1024K, 2 young (2048K), 2 survivors (2048K)
 Metaspace       used 124684K, capacity 129970K, committed 130512K, reserved 628736K
  class space    used 16181K, capacity 18130K, committed 18304K, reserved 516096K
}
Event: 596.802 GC heap before
{Heap before GC invocations=122 (full 0):
 garbage-first heap   total 320512K, used 297293K [0x0000000080000000, 0x0000000100000000)
  region size 1024K, 15 young (15360K), 2 survivors (2048K)
 Metaspace       used 124686K, capacity 129970K, committed 130512K, reserved 628736K
  class space    used 16181K, capacity 18130K, committed 18304K, reserved 516096K
}
Event: 596.809 GC heap after
{Heap after GC invocations=123 (full 0):
 garbage-first heap   total 320512K, used 285756K [0x0000000080000000, 0x0000000100000000)
  region size 1024K, 2 young (2048K), 2 survivors (2048K)
 Metaspace       used 124686K, capacity 129970K, committed 130512K, reserved 628736K
  class space    used 16181K, capacity 18130K, committed 18304K, reserved 516096K
}
Event: 596.973 GC heap before
{Heap before GC invocations=123 (full 0):
 garbage-first heap   total 320512K, used 298044K [0x0000000080000000, 0x0000000100000000)
  region size 1024K, 15 young (15360K), 2 survivors (2048K)
 Metaspace       used 124699K, capacity 129971K, committed 130512K, reserved 628736K
  class space    used 16181K, capacity 18130K, committed 18304K, reserved 516096K
}
Event: 596.977 GC heap after
{Heap after GC invocations=124 (full 0):
 garbage-first heap   total 320512K, used 286386K [0x0000000080000000, 0x0000000100000000)
  region size 1024K, 2 young (2048K), 2 survivors (2048K)
 Metaspace       used 124699K, capacity 129971K, committed 130512K, reserved 628736K
  class space    used 16181K, capacity 18130K, committed 18304K, reserved 516096K
}
Event: 597.891 GC heap before
{Heap before GC invocations=125 (full 0):
 garbage-first heap   total 320512K, used 298674K [0x0000000080000000, 0x0000000100000000)
  region size 1024K, 15 young (15360K), 2 survivors (2048K)
 Metaspace       used 124803K, capacity 130074K, committed 130512K, reserved 628736K
  class space    used 16193K, capacity 18164K, committed 18304K, reserved 516096K
}
Event: 597.906 GC heap after
{Heap after GC invocations=126 (full 0):
 garbage-first heap   total 320512K, used 287339K [0x0000000080000000, 0x0000000100000000)
  region size 1024K, 2 young (2048K), 2 survivors (2048K)
 Metaspace       used 124803K, capacity 130074K, committed 130512K, reserved 628736K
  class space    used 16193K, capacity 18164K, committed 18304K, reserved 516096K
}
Event: 598.586 GC heap before
{Heap before GC invocations=126 (full 0):
 garbage-first heap   total 320512K, used 303723K [0x0000000080000000, 0x0000000100000000)
  region size 1024K, 15 young (15360K), 2 survivors (2048K)
 Metaspace       used 125536K, capacity 130846K, committed 131408K, reserved 630784K
  class space    used 16226K, capacity 18206K, committed 18432K, reserved 516096K
}
Event: 598.804 GC heap after
{Heap after GC invocations=127 (full 0):
 garbage-first heap   total 324608K, used 276424K [0x0000000080000000, 0x0000000100000000)
  region size 1024K, 2 young (2048K), 2 survivors (2048K)
 Metaspace       used 125536K, capacity 130846K, committed 131408K, reserved 630784K
  class space    used 16226K, capacity 18206K, committed 18432K, reserved 516096K
}
Event: 599.994 GC heap before
{Heap before GC invocations=127 (full 0):
 garbage-first heap   total 324608K, used 289736K [0x0000000080000000, 0x0000000100000000)
  region size 1024K, 15 young (15360K), 2 survivors (2048K)
 Metaspace       used 125800K, capacity 131140K, committed 131664K, reserved 630784K
  class space    used 16249K, capacity 18240K, committed 18432K, reserved 516096K
}
Event: 600.025 GC heap after
{Heap after GC invocations=128 (full 0):
 garbage-first heap   total 324608K, used 279848K [0x0000000080000000, 0x0000000100000000)
  region size 1024K, 2 young (2048K), 2 survivors (2048K)
 Metaspace       used 125800K, capacity 131140K, committed 131664K, reserved 630784K
  class space    used 16249K, capacity 18240K, committed 18432K, reserved 516096K
}
Event: 625.097 GC heap before
{Heap before GC invocations=128 (full 0):
 garbage-first heap   total 324608K, used 292136K [0x0000000080000000, 0x0000000100000000)
  region size 1024K, 15 young (15360K), 2 survivors (2048K)
 Metaspace       used 126286K, capacity 131629K, committed 131920K, reserved 630784K
  class space    used 16324K, capacity 18317K, committed 18432K, reserved 516096K
}

