# JRE version: OpenJDK Runtime Environment Microsoft-7208460 (11.0.18+10) (build 11.0.18+10-LTS)
# Java VM: OpenJDK 64-Bit Server VM Microsoft-7208460 (11.0.18+10-LTS, mixed mode, tiered, compressed oops, g1 gc, windows-amd64)
Heap:
 garbage-first heap   total 743424K, used 255858K [0x0000000080000000, 0x0000000100000000)
  region size 1024K, 3 young (3072K), 3 survivors (3072K)
 Metaspace       used 134197K, capacity 139626K, committed 140752K, reserved 638976K
  class space    used 17153K, capacity 19172K, committed 19584K, reserved 516096K
GC Heap History (20 events):
Event: 8460.116 GC heap after
{Heap after GC invocations=143 (full 0):
 garbage-first heap   total 364544K, used 328224K [0x0000000080000000, 0x0000000100000000)
  region size 1024K, 3 young (3072K), 3 survivors (3072K)
 Metaspace       used 134415K, capacity 140174K, committed 140496K, reserved 638976K
  class space    used 17312K, capacity 19468K, committed 19584K, reserved 516096K
}
Event: 8461.231 GC heap before
{Heap before GC invocations=143 (full 0):
 garbage-first heap   total 364544K, used 342560K [0x0000000080000000, 0x0000000100000000)
  region size 1024K, 17 young (17408K), 3 survivors (3072K)
 Metaspace       used 134447K, capacity 140189K, committed 140496K, reserved 638976K
  class space    used 17314K, capacity 19471K, committed 19584K, reserved 516096K
}
Event: 8461.250 GC heap after
{Heap after GC invocations=144 (full 0):
 garbage-first heap   total 364544K, used 331343K [0x0000000080000000, 0x0000000100000000)
  region size 1024K, 3 young (3072K), 3 survivors (3072K)
 Metaspace       used 134447K, capacity 140189K, committed 140496K, reserved 638976K
  class space    used 17314K, capacity 19471K, committed 19584K, reserved 516096K
}
Event: 8461.667 GC heap before
{Heap before GC invocations=144 (full 0):
 garbage-first heap   total 364544K, used 344655K [0x0000000080000000, 0x0000000100000000)
  region size 1024K, 17 young (17408K), 3 survivors (3072K)
 Metaspace       used 134478K, capacity 140210K, committed 140496K, reserved 638976K
  class space    used 17316K, capacity 19475K, committed 19584K, reserved 516096K
}
Event: 8461.724 GC heap after
{Heap after GC invocations=145 (full 0):
 garbage-first heap   total 364544K, used 333671K [0x0000000080000000, 0x0000000100000000)
  region size 1024K, 3 young (3072K), 3 survivors (3072K)
 Metaspace       used 134478K, capacity 140210K, committed 140496K, reserved 638976K
  class space    used 17316K, capacity 19475K, committed 19584K, reserved 516096K
}
Event: 8462.859 GC heap before
{Heap before GC invocations=145 (full 0):
 garbage-first heap   total 364544K, used 348007K [0x0000000080000000, 0x0000000100000000)
  region size 1024K, 17 young (17408K), 3 survivors (3072K)
 Metaspace       used 134537K, capacity 140227K, committed 140496K, reserved 638976K
  class space    used 17318K, capacity 19478K, committed 19584K, reserved 516096K
}
Event: 8462.933 GC heap after
{Heap after GC invocations=146 (full 0):
 garbage-first heap   total 364544K, used 338494K [0x0000000080000000, 0x0000000100000000)
  region size 1024K, 3 young (3072K), 3 survivors (3072K)
 Metaspace       used 134537K, capacity 140227K, committed 140496K, reserved 638976K
  class space    used 17318K, capacity 19478K, committed 19584K, reserved 516096K
}
Event: 8469.707 GC heap before
{Heap before GC invocations=146 (full 0):
 garbage-first heap   total 364544K, used 351806K [0x0000000080000000, 0x0000000100000000)
  region size 1024K, 17 young (17408K), 3 survivors (3072K)
 Metaspace       used 134019K, capacity 139353K, committed 140496K, reserved 638976K
  class space    used 17151K, capacity 19170K, committed 19584K, reserved 516096K
}
Event: 8469.834 GC heap after
{Heap after GC invocations=147 (full 0):
 garbage-first heap   total 364544K, used 342370K [0x0000000080000000, 0x0000000100000000)
  region size 1024K, 3 young (3072K), 3 survivors (3072K)
 Metaspace       used 134019K, capacity 139353K, committed 140496K, reserved 638976K
  class space    used 17151K, capacity 19170K, committed 19584K, reserved 516096K
}
Event: 8471.164 GC heap before
{Heap before GC invocations=148 (full 0):
 garbage-first heap   total 364544K, used 356706K [0x0000000080000000, 0x0000000100000000)
  region size 1024K, 17 young (17408K), 3 survivors (3072K)
 Metaspace       used 134066K, capacity 139433K, committed 140496K, reserved 638976K
  class space    used 17152K, capacity 19172K, committed 19584K, reserved 516096K
}
Event: 8471.240 GC heap after
{Heap after GC invocations=149 (full 0):
 garbage-first heap   total 365568K, used 347990K [0x0000000080000000, 0x0000000100000000)
  region size 1024K, 3 young (3072K), 3 survivors (3072K)
 Metaspace       used 134066K, capacity 139433K, committed 140496K, reserved 638976K
  class space    used 17152K, capacity 19172K, committed 19584K, reserved 516096K
}
Event: 8475.858 GC heap before
{Heap before GC invocations=149 (full 0):
 garbage-first heap   total 365568K, used 362326K [0x0000000080000000, 0x0000000100000000)
  region size 1024K, 17 young (17408K), 3 survivors (3072K)
 Metaspace       used 134091K, capacity 139561K, committed 140752K, reserved 638976K
  class space    used 17152K, capacity 19172K, committed 19584K, reserved 516096K
}
Event: 8475.959 GC heap after
{Heap after GC invocations=150 (full 0):
 garbage-first heap   total 446464K, used 316519K [0x0000000080000000, 0x0000000100000000)
  region size 1024K, 3 young (3072K), 3 survivors (3072K)
 Metaspace       used 134091K, capacity 139561K, committed 140752K, reserved 638976K
  class space    used 17152K, capacity 19172K, committed 19584K, reserved 516096K
}
Event: 8476.798 GC heap before
{Heap before GC invocations=150 (full 0):
 garbage-first heap   total 446464K, used 334951K [0x0000000080000000, 0x0000000100000000)
  region size 1024K, 21 young (21504K), 3 survivors (3072K)
 Metaspace       used 134138K, capacity 139562K, committed 140752K, reserved 638976K
  class space    used 17152K, capacity 19172K, committed 19584K, reserved 516096K
}
Event: 8477.053 GC heap after
{Heap after GC invocations=151 (full 0):
 garbage-first heap   total 446464K, used 285899K [0x0000000080000000, 0x0000000100000000)
  region size 1024K, 3 young (3072K), 3 survivors (3072K)
 Metaspace       used 134138K, capacity 139562K, committed 140752K, reserved 638976K
  class space    used 17152K, capacity 19172K, committed 19584K, reserved 516096K
}
Event: 8478.355 GC heap before
{Heap before GC invocations=151 (full 0):
 garbage-first heap   total 446464K, used 304331K [0x0000000080000000, 0x0000000100000000)
  region size 1024K, 21 young (21504K), 3 survivors (3072K)
 Metaspace       used 134156K, capacity 139626K, committed 140752K, reserved 638976K
  class space    used 17153K, capacity 19172K, committed 19584K, reserved 516096K
}
Event: 8478.556 GC heap after
{Heap after GC invocations=152 (full 0):
 garbage-first heap   total 446464K, used 271615K [0x0000000080000000, 0x0000000100000000)
  region size 1024K, 3 young (3072K), 3 survivors (3072K)
 Metaspace       used 134156K, capacity 139626K, committed 140752K, reserved 638976K
  class space    used 17153K, capacity 19172K, committed 19584K, reserved 516096K
}
Event: 8479.413 GC heap before
{Heap before GC invocations=152 (full 0):
 garbage-first heap   total 446464K, used 290047K [0x0000000080000000, 0x0000000100000000)
  region size 1024K, 21 young (21504K), 3 survivors (3072K)
 Metaspace       used 134173K, capacity 139626K, committed 140752K, reserved 638976K
  class space    used 17153K, capacity 19172K, committed 19584K, reserved 516096K
}
Event: 8479.809 GC heap after
{Heap after GC invocations=153 (full 0):
 garbage-first heap   total 446464K, used 261685K [0x0000000080000000, 0x0000000100000000)
  region size 1024K, 3 young (3072K), 3 survivors (3072K)
 Metaspace       used 134173K, capacity 139626K, committed 140752K, reserved 638976K
  class space    used 17153K, capacity 19172K, committed 19584K, reserved 516096K
}
Event: 8481.191 GC heap before
{Heap before GC invocations=153 (full 0):
 garbage-first heap   total 446464K, used 280117K [0x0000000080000000, 0x0000000100000000)
  region size 1024K, 21 young (21504K), 3 survivors (3072K)
 Metaspace       used 134197K, capacity 139626K, committed 140752K, reserved 638976K
  class space    used 17153K, capacity 19172K, committed 19584K, reserved 516096K
}

