# JRE version: OpenJDK Runtime Environment Microsoft-7208460 (11.0.18+10) (build 11.0.18+10-LTS)
# Java VM: OpenJDK 64-Bit Server VM Microsoft-7208460 (11.0.18+10-LTS, mixed mode, tiered, compressed oops, g1 gc, windows-amd64)
Heap:
 garbage-first heap   total 150528K, used 60890K [0x0000000080000000, 0x0000000100000000)
  region size 1024K, 3 young (3072K), 3 survivors (3072K)
 Metaspace       used 72640K, capacity 74808K, committed 74960K, reserved 581632K
  class space    used 9438K, capacity 10331K, committed 10368K, reserved 516096K
GC Heap History (20 events):
Event: 203.486 GC heap after
{Heap after GC invocations=60 (full 0):
 garbage-first heap   total 65536K, used 47394K [0x0000000080000000, 0x0000000100000000)
  region size 1024K, 1 young (1024K), 1 survivors (1024K)
 Metaspace       used 64556K, capacity 66401K, committed 66640K, reserved 575488K
  class space    used 8385K, capacity 9130K, committed 9216K, reserved 516096K
}
Event: 203.679 GC heap before
{Heap before GC invocations=60 (full 0):
 garbage-first heap   total 65536K, used 53538K [0x0000000080000000, 0x0000000100000000)
  region size 1024K, 7 young (7168K), 1 survivors (1024K)
 Metaspace       used 64578K, capacity 66529K, committed 66640K, reserved 575488K
  class space    used 8388K, capacity 9194K, committed 9216K, reserved 516096K
}
Event: 203.683 GC heap after
{Heap after GC invocations=61 (full 0):
 garbage-first heap   total 78848K, used 47717K [0x0000000080000000, 0x0000000100000000)
  region size 1024K, 1 young (1024K), 1 survivors (1024K)
 Metaspace       used 64578K, capacity 66529K, committed 66640K, reserved 575488K
  class space    used 8388K, capacity 9194K, committed 9216K, reserved 516096K
}
Event: 204.273 GC heap before
{Heap before GC invocations=62 (full 0):
 garbage-first heap   total 78848K, used 60005K [0x0000000080000000, 0x0000000100000000)
  region size 1024K, 13 young (13312K), 1 survivors (1024K)
 Metaspace       used 65111K, capacity 67023K, committed 67280K, reserved 575488K
  class space    used 8476K, capacity 9294K, committed 9344K, reserved 516096K
}
Event: 204.282 GC heap after
{Heap after GC invocations=63 (full 0):
 garbage-first heap   total 78848K, used 48644K [0x0000000080000000, 0x0000000100000000)
  region size 1024K, 2 young (2048K), 2 survivors (2048K)
 Metaspace       used 65111K, capacity 67023K, committed 67280K, reserved 575488K
  class space    used 8476K, capacity 9294K, committed 9344K, reserved 516096K
}
Event: 205.331 GC heap before
{Heap before GC invocations=63 (full 0):
 garbage-first heap   total 78848K, used 60932K [0x0000000080000000, 0x0000000100000000)
  region size 1024K, 14 young (14336K), 2 survivors (2048K)
 Metaspace       used 65916K, capacity 67886K, committed 68176K, reserved 575488K
  class space    used 8597K, capacity 9408K, committed 9472K, reserved 516096K
}
Event: 205.342 GC heap after
{Heap after GC invocations=64 (full 0):
 garbage-first heap   total 78848K, used 48990K [0x0000000080000000, 0x0000000100000000)
  region size 1024K, 2 young (2048K), 2 survivors (2048K)
 Metaspace       used 65916K, capacity 67886K, committed 68176K, reserved 575488K
  class space    used 8597K, capacity 9408K, committed 9472K, reserved 516096K
}
Event: 207.424 GC heap before
{Heap before GC invocations=65 (full 0):
 garbage-first heap   total 78848K, used 62302K [0x0000000080000000, 0x0000000100000000)
  region size 1024K, 15 young (15360K), 2 survivors (2048K)
 Metaspace       used 66371K, capacity 68384K, committed 68688K, reserved 575488K
  class space    used 8630K, capacity 9420K, committed 9472K, reserved 516096K
}
Event: 207.440 GC heap after
{Heap after GC invocations=66 (full 0):
 garbage-first heap   total 78848K, used 50561K [0x0000000080000000, 0x0000000100000000)
  region size 1024K, 2 young (2048K), 2 survivors (2048K)
 Metaspace       used 66371K, capacity 68384K, committed 68688K, reserved 575488K
  class space    used 8630K, capacity 9420K, committed 9472K, reserved 516096K
}
Event: 208.245 GC heap before
{Heap before GC invocations=66 (full 0):
 garbage-first heap   total 78848K, used 62849K [0x0000000080000000, 0x0000000100000000)
  region size 1024K, 14 young (14336K), 2 survivors (2048K)
 Metaspace       used 67045K, capacity 69049K, committed 69328K, reserved 577536K
  class space    used 8702K, capacity 9484K, committed 9600K, reserved 516096K
}
Event: 208.260 GC heap after
{Heap after GC invocations=67 (full 0):
 garbage-first heap   total 78848K, used 51591K [0x0000000080000000, 0x0000000100000000)
  region size 1024K, 2 young (2048K), 2 survivors (2048K)
 Metaspace       used 67045K, capacity 69049K, committed 69328K, reserved 577536K
  class space    used 8702K, capacity 9484K, committed 9600K, reserved 516096K
}
Event: 209.182 GC heap before
{Heap before GC invocations=68 (full 0):
 garbage-first heap   total 78848K, used 61831K [0x0000000080000000, 0x0000000100000000)
  region size 1024K, 13 young (13312K), 2 survivors (2048K)
 Metaspace       used 68164K, capacity 70256K, committed 70352K, reserved 577536K
  class space    used 8903K, capacity 9761K, committed 9856K, reserved 516096K
}
Event: 209.193 GC heap after
{Heap after GC invocations=69 (full 0):
 garbage-first heap   total 95232K, used 52607K [0x0000000080000000, 0x0000000100000000)
  region size 1024K, 2 young (2048K), 2 survivors (2048K)
 Metaspace       used 68164K, capacity 70256K, committed 70352K, reserved 577536K
  class space    used 8903K, capacity 9761K, committed 9856K, reserved 516096K
}
Event: 210.934 GC heap before
{Heap before GC invocations=69 (full 0):
 garbage-first heap   total 95232K, used 71039K [0x0000000080000000, 0x0000000100000000)
  region size 1024K, 20 young (20480K), 2 survivors (2048K)
 Metaspace       used 69378K, capacity 71421K, committed 71760K, reserved 579584K
  class space    used 9042K, capacity 9891K, committed 9984K, reserved 516096K
}
Event: 211.104 GC heap after
{Heap after GC invocations=70 (full 0):
 garbage-first heap   total 95232K, used 53872K [0x0000000080000000, 0x0000000100000000)
  region size 1024K, 3 young (3072K), 3 survivors (3072K)
 Metaspace       used 69378K, capacity 71421K, committed 71760K, reserved 579584K
  class space    used 9042K, capacity 9891K, committed 9984K, reserved 516096K
}
Event: 212.379 GC heap before
{Heap before GC invocations=71 (full 0):
 garbage-first heap   total 95232K, used 72304K [0x0000000080000000, 0x0000000100000000)
  region size 1024K, 21 young (21504K), 3 survivors (3072K)
 Metaspace       used 70693K, capacity 72796K, committed 72912K, reserved 579584K
  class space    used 9197K, capacity 10048K, committed 10112K, reserved 516096K
}
Event: 212.390 GC heap after
{Heap after GC invocations=72 (full 0):
 garbage-first heap   total 95232K, used 55371K [0x0000000080000000, 0x0000000100000000)
  region size 1024K, 3 young (3072K), 3 survivors (3072K)
 Metaspace       used 70693K, capacity 72796K, committed 72912K, reserved 579584K
  class space    used 9197K, capacity 10048K, committed 10112K, reserved 516096K
}
Event: 215.903 GC heap before
{Heap before GC invocations=72 (full 0):
 garbage-first heap   total 95232K, used 72779K [0x0000000080000000, 0x0000000100000000)
  region size 1024K, 21 young (21504K), 3 survivors (3072K)
 Metaspace       used 71035K, capacity 73147K, committed 73168K, reserved 579584K
  class space    used 9233K, capacity 10098K, committed 10112K, reserved 516096K
}
Event: 215.919 GC heap after
{Heap after GC invocations=73 (full 0):
 garbage-first heap   total 95232K, used 57250K [0x0000000080000000, 0x0000000100000000)
  region size 1024K, 3 young (3072K), 3 survivors (3072K)
 Metaspace       used 71035K, capacity 73147K, committed 73168K, reserved 579584K
  class space    used 9233K, capacity 10098K, committed 10112K, reserved 516096K
}
Event: 217.945 GC heap before
{Heap before GC invocations=74 (full 0):
 garbage-first heap   total 95232K, used 75682K [0x0000000080000000, 0x0000000100000000)
  region size 1024K, 20 young (20480K), 3 survivors (3072K)
 Metaspace       used 72640K, capacity 74808K, committed 74960K, reserved 581632K
  class space    used 9438K, capacity 10331K, committed 10368K, reserved 516096K
}

