# JRE version: OpenJDK Runtime Environment Microsoft-7208460 (11.0.18+10) (build 11.0.18+10-LTS)
# Java VM: OpenJDK 64-Bit Server VM Microsoft-7208460 (11.0.18+10-LTS, mixed mode, tiered, compressed oops, g1 gc, windows-amd64)
Heap:
 garbage-first heap   total 95232K, used 65354K [0x0000000080000000, 0x0000000100000000)
  region size 1024K, 8 young (8192K), 2 survivors (2048K)
 Metaspace       used 73002K, capacity 75204K, committed 75344K, reserved 581632K
  class space    used 9494K, capacity 10397K, committed 10496K, reserved 516096K
GC Heap History (20 events):
Event: 202.438 GC heap before
{Heap before GC invocations=51 (full 0):
 garbage-first heap   total 65536K, used 54725K [0x0000000080000000, 0x0000000100000000)
  region size 1024K, 10 young (10240K), 2 survivors (2048K)
 Metaspace       used 64571K, capacity 66471K, committed 66640K, reserved 575488K
  class space    used 8391K, capacity 9194K, committed 9216K, reserved 516096K
}
Event: 202.449 GC heap after
{Heap after GC invocations=52 (full 0):
 garbage-first heap   total 78848K, used 46958K [0x0000000080000000, 0x0000000100000000)
  region size 1024K, 2 young (2048K), 2 survivors (2048K)
 Metaspace       used 64571K, capacity 66471K, committed 66640K, reserved 575488K
  class space    used 8391K, capacity 9194K, committed 9216K, reserved 516096K
}
Event: 202.826 GC heap before
{Heap before GC invocations=53 (full 0):
 garbage-first heap   total 78848K, used 60270K [0x0000000080000000, 0x0000000100000000)
  region size 1024K, 15 young (15360K), 2 survivors (2048K)
 Metaspace       used 65310K, capacity 67194K, committed 67280K, reserved 575488K
  class space    used 8516K, capacity 9306K, committed 9344K, reserved 516096K
}
Event: 202.833 GC heap after
{Heap after GC invocations=54 (full 0):
 garbage-first heap   total 78848K, used 47881K [0x0000000080000000, 0x0000000100000000)
  region size 1024K, 2 young (2048K), 2 survivors (2048K)
 Metaspace       used 65310K, capacity 67194K, committed 67280K, reserved 575488K
  class space    used 8516K, capacity 9306K, committed 9344K, reserved 516096K
}
Event: 203.459 GC heap before
{Heap before GC invocations=54 (full 0):
 garbage-first heap   total 78848K, used 61193K [0x0000000080000000, 0x0000000100000000)
  region size 1024K, 15 young (15360K), 2 survivors (2048K)
 Metaspace       used 66113K, capacity 68062K, committed 68176K, reserved 575488K
  class space    used 8631K, capacity 9420K, committed 9472K, reserved 516096K
}
Event: 203.467 GC heap after
{Heap after GC invocations=55 (full 0):
 garbage-first heap   total 78848K, used 48779K [0x0000000080000000, 0x0000000100000000)
  region size 1024K, 2 young (2048K), 2 survivors (2048K)
 Metaspace       used 66113K, capacity 68062K, committed 68176K, reserved 575488K
  class space    used 8631K, capacity 9420K, committed 9472K, reserved 516096K
}
Event: 205.874 GC heap before
{Heap before GC invocations=56 (full 0):
 garbage-first heap   total 78848K, used 62091K [0x0000000080000000, 0x0000000100000000)
  region size 1024K, 15 young (15360K), 2 survivors (2048K)
 Metaspace       used 66936K, capacity 68950K, committed 69072K, reserved 577536K
  class space    used 8707K, capacity 9515K, committed 9600K, reserved 516096K
}
Event: 205.884 GC heap after
{Heap after GC invocations=57 (full 0):
 garbage-first heap   total 78848K, used 49773K [0x0000000080000000, 0x0000000100000000)
  region size 1024K, 2 young (2048K), 2 survivors (2048K)
 Metaspace       used 66936K, capacity 68950K, committed 69072K, reserved 577536K
  class space    used 8707K, capacity 9515K, committed 9600K, reserved 516096K
}
Event: 208.357 GC heap before
{Heap before GC invocations=57 (full 0):
 garbage-first heap   total 78848K, used 63085K [0x0000000080000000, 0x0000000100000000)
  region size 1024K, 15 young (15360K), 2 survivors (2048K)
 Metaspace       used 67853K, capacity 69858K, committed 69968K, reserved 577536K
  class space    used 8859K, capacity 9691K, committed 9728K, reserved 516096K
}
Event: 208.376 GC heap after
{Heap after GC invocations=58 (full 0):
 garbage-first heap   total 95232K, used 50849K [0x0000000080000000, 0x0000000100000000)
  region size 1024K, 2 young (2048K), 2 survivors (2048K)
 Metaspace       used 67853K, capacity 69858K, committed 69968K, reserved 577536K
  class space    used 8859K, capacity 9691K, committed 9728K, reserved 516096K
}
Event: 209.726 GC heap before
{Heap before GC invocations=59 (full 0):
 garbage-first heap   total 95232K, used 69281K [0x0000000080000000, 0x0000000100000000)
  region size 1024K, 21 young (21504K), 2 survivors (2048K)
 Metaspace       used 69246K, capacity 71288K, committed 71504K, reserved 579584K
  class space    used 9036K, capacity 9888K, committed 9984K, reserved 516096K
}
Event: 209.730 GC heap after
{Heap after GC invocations=60 (full 0):
 garbage-first heap   total 95232K, used 51556K [0x0000000080000000, 0x0000000100000000)
  region size 1024K, 2 young (2048K), 2 survivors (2048K)
 Metaspace       used 69246K, capacity 71288K, committed 71504K, reserved 579584K
  class space    used 9036K, capacity 9888K, committed 9984K, reserved 516096K
}
Event: 212.000 GC heap before
{Heap before GC invocations=60 (full 0):
 garbage-first heap   total 95232K, used 71012K [0x0000000080000000, 0x0000000100000000)
  region size 1024K, 22 young (22528K), 2 survivors (2048K)
 Metaspace       used 70731K, capacity 72855K, committed 73168K, reserved 579584K
  class space    used 9211K, capacity 10045K, committed 10112K, reserved 516096K
}
Event: 212.013 GC heap after
{Heap after GC invocations=61 (full 0):
 garbage-first heap   total 95232K, used 53240K [0x0000000080000000, 0x0000000100000000)
  region size 1024K, 3 young (3072K), 3 survivors (3072K)
 Metaspace       used 70731K, capacity 72855K, committed 73168K, reserved 579584K
  class space    used 9211K, capacity 10045K, committed 10112K, reserved 516096K
}
Event: 216.498 GC heap before
{Heap before GC invocations=62 (full 0):
 garbage-first heap   total 95232K, used 71672K [0x0000000080000000, 0x0000000100000000)
  region size 1024K, 22 young (22528K), 3 survivors (3072K)
 Metaspace       used 71012K, capacity 73141K, committed 73168K, reserved 579584K
  class space    used 9238K, capacity 10095K, committed 10112K, reserved 516096K
}
Event: 216.532 GC heap after
{Heap after GC invocations=63 (full 0):
 garbage-first heap   total 95232K, used 55103K [0x0000000080000000, 0x0000000100000000)
  region size 1024K, 2 young (2048K), 2 survivors (2048K)
 Metaspace       used 71012K, capacity 73141K, committed 73168K, reserved 579584K
  class space    used 9238K, capacity 10095K, committed 10112K, reserved 516096K
}
Event: 216.611 GC heap before
{Heap before GC invocations=63 (full 0):
 garbage-first heap   total 95232K, used 55103K [0x0000000080000000, 0x0000000100000000)
  region size 1024K, 3 young (3072K), 2 survivors (2048K)
 Metaspace       used 71032K, capacity 73157K, committed 73424K, reserved 579584K
  class space    used 9241K, capacity 10098K, committed 10112K, reserved 516096K
}
Event: 216.623 GC heap after
{Heap after GC invocations=64 (full 0):
 garbage-first heap   total 95232K, used 55520K [0x0000000080000000, 0x0000000100000000)
  region size 1024K, 1 young (1024K), 1 survivors (1024K)
 Metaspace       used 71032K, capacity 73157K, committed 73424K, reserved 579584K
  class space    used 9241K, capacity 10098K, committed 10112K, reserved 516096K
}
Event: 217.760 GC heap before
{Heap before GC invocations=65 (full 0):
 garbage-first heap   total 95232K, used 70880K [0x0000000080000000, 0x0000000100000000)
  region size 1024K, 15 young (15360K), 1 survivors (1024K)
 Metaspace       used 72398K, capacity 74581K, committed 74704K, reserved 581632K
  class space    used 9412K, capacity 10298K, committed 10368K, reserved 516096K
}
Event: 217.764 GC heap after
{Heap after GC invocations=66 (full 0):
 garbage-first heap   total 95232K, used 60234K [0x0000000080000000, 0x0000000100000000)
  region size 1024K, 2 young (2048K), 2 survivors (2048K)
 Metaspace       used 72398K, capacity 74581K, committed 74704K, reserved 581632K
  class space    used 9412K, capacity 10298K, committed 10368K, reserved 516096K
}

